Array
(
    [0] => Array
        (
            [id] => 1
            [start] => 2025-01-10T08:30
            [end] => 2025-01-10T12:30
        )

    [1] => Array
        (
            [id] => 2
            [start] => 2025-01-09T13:30
            [end] => 2025-01-09T15:30
        )

    [2] => Array
        (
            [id] => 3
            [start] => 2025-01-07T09:00
            [end] => 2025-01-07T11:00
        )

    [3] => Array
        (
            [id] => 4
            [start] => 2025-01-16T10:30
            [end] => 2025-01-16T12:30
        )

    [4] => Array
        (
            [id] => 5
            [start] => 2025-01-09T10:00
            [end] => 2025-01-09T12:00
        )

    [5] => Array
        (
            [id] => 6
            [start] => 2025-01-17T09:00
            [end] => 2025-01-17T11:00
        )

    [6] => Array
        (
            [id] => 7
            [start] => 2025-01-20T14:30
            [end] => 2025-01-20T16:30
        )

    [7] => Array
        (
            [id] => 8
            [start] => 2025-01-09T09:30
            [end] => 2025-01-09T11:30
        )

    [8] => Array
        (
            [id] => 9
            [start] => 2025-01-07T14:30
            [end] => 2025-01-07T16:00
        )

    [9] => Array
        (
            [id] => 10
            [start] => 2025-01-16T14:30
            [end] => 2025-01-16T16:00
        )

    [10] => Array
        (
            [id] => 11
            [start] => 2025-01-20T10:30
            [end] => 2025-01-20T12:30
        )

    [11] => Array
        (
            [id] => 12
            [start] => 2025-01-09T08:30
            [end] => 2025-01-09T10:30
        )

    [12] => Array
        (
            [id] => 13
            [start] => 2025-01-07T14:00
            [end] => 2025-01-07T18:00
        )

    [13] => Array
        (
            [id] => 14
            [start] => 2025-01-08T08:30
            [end] => 2025-01-08T10:30
        )

    [14] => Array
        (
            [id] => 15
            [start] => 2025-01-15T09:00
            [end] => 2025-01-15T11:00
        )

    [15] => Array
        (
            [id] => 16
            [start] => 2025-01-08T10:30
            [end] => 2025-01-08T12:30
        )

    [16] => Array
        (
            [id] => 17
            [start] => 2025-01-14T15:00
            [end] => 2025-01-14T17:00
        )

    [17] => Array
        (
            [id] => 18
            [start] => 2025-01-07T09:00
            [end] => 2025-01-07T11:00
        )

    [18] => Array
        (
            [id] => 19
            [start] => 2025-01-23T09:00
            [end] => 2025-01-23T18:00
        )

    [19] => Array
        (
            [id] => 20
            [start] => 2025-01-17T08:30
            [end] => 2025-01-17T12:30
        )

    [20] => Array
        (
            [id] => 21
            [start] => 2025-01-24T08:30
            [end] => 2025-01-24T12:30
        )

    [21] => Array
        (
            [id] => 22
            [start] => 2025-01-23T13:30
            [end] => 2025-01-23T15:30
        )

    [22] => Array
        (
            [id] => 23
            [start] => 2025-02-06T13:30
            [end] => 2025-02-06T15:30
        )

    [23] => Array
        (
            [id] => 24
            [start] => 2025-02-12T09:00
            [end] => 2025-02-12T11:00
        )

    [24] => Array
        (
            [id] => 25
            [start] => 2025-01-31T10:30
            [end] => 2025-01-31T12:30
        )

    [25] => Array
        (
            [id] => 26
            [start] => 2025-02-03T10:00
            [end] => 2025-02-03T12:00
        )

    [26] => Array
        (
            [id] => 27
            [start] => 2025-02-06T09:00
            [end] => 2025-02-06T11:00
        )

    [27] => Array
        (
            [id] => 28
            [start] => 2025-02-07T14:30
            [end] => 2025-02-07T16:30
        )

    [28] => Array
        (
            [id] => 29
            [start] => 2025-01-27T09:30
            [end] => 2025-01-27T11:30
        )

    [29] => Array
        (
            [id] => 30
            [start] => 2025-01-21T14:30
            [end] => 2025-01-21T16:00
        )

    [30] => Array
        (
            [id] => 31
            [start] => 2025-02-04T09:30
            [end] => 2025-02-04T11:00
        )

    [31] => Array
        (
            [id] => 32
            [start] => 2025-01-31T14:30
            [end] => 2025-01-31T16:00
        )

    [32] => Array
        (
            [id] => 33
            [start] => 2025-02-11T10:30
            [end] => 2025-02-11T12:30
        )

    [33] => Array
        (
            [id] => 34
            [start] => 2025-01-23T08:30
            [end] => 2025-01-23T10:30
        )

    [34] => Array
        (
            [id] => 35
            [start] => 2025-02-12T14:00
            [end] => 2025-02-12T18:00
        )

    [35] => Array
        (
            [id] => 36
            [start] => 2025-01-22T08:30
            [end] => 2025-01-22T10:30
        )

    [36] => Array
        (
            [id] => 37
            [start] => 2025-02-05T08:30
            [end] => 2025-02-05T10:30
        )

    [37] => Array
        (
            [id] => 38
            [start] => 2025-01-29T09:00
            [end] => 2025-01-29T11:00
        )

    [38] => Array
        (
            [id] => 39
            [start] => 2025-02-14T09:00
            [end] => 2025-02-14T11:00
        )

    [39] => Array
        (
            [id] => 40
            [start] => 2025-01-22T10:30
            [end] => 2025-01-22T12:30
        )

    [40] => Array
        (
            [id] => 41
            [start] => 2025-02-06T10:30
            [end] => 2025-02-06T12:30
        )

    [41] => Array
        (
            [id] => 42
            [start] => 2025-01-28T15:00
            [end] => 2025-01-28T17:00
        )

    [42] => Array
        (
            [id] => 43
            [start] => 2025-02-11T15:00
            [end] => 2025-02-11T17:00
        )

    [43] => Array
        (
            [id] => 44
            [start] => 2025-01-30T09:00
            [end] => 2025-01-30T11:00
        )

    [44] => Array
        (
            [id] => 45
            [start] => 2025-02-12T09:00
            [end] => 2025-02-12T11:00
        )

    [45] => Array
        (
            [id] => 46
            [start] => 2025-02-13T09:00
            [end] => 2025-02-13T18:00
        )

)
